<?xml version="1.0" encoding="UTF-8"?>
<coverage generated="1680025749780" clover="3.2.0">
  <project timestamp="1680025749781" name="All files">
    <metrics statements="15" coveredstatements="13" conditionals="8" coveredconditionals="7" methods="4" coveredmethods="3" elements="27" coveredelements="23" complexity="0" loc="15" ncloc="15" packages="1" files="1" classes="1"/>
    <file name="Roller.ts" path="/sandbox/src/Roller.ts">
      <metrics statements="15" coveredstatements="13" conditionals="8" coveredconditionals="7" methods="4" coveredmethods="3"/>
      <line num="1" count="1" type="stmt"/>
      <line num="10" count="8" type="cond" truecount="2" falsecount="0"/>
      <line num="11" count="7" type="stmt"/>
      <line num="13" count="1" type="stmt"/>
      <line num="15" count="8" type="stmt"/>
      <line num="16" count="8" type="stmt"/>
      <line num="30" count="7" type="cond" truecount="4" falsecount="0"/>
      <line num="31" count="5" type="stmt"/>
      <line num="33" count="5" type="cond" truecount="1" falsecount="1"/>
      <line num="34" count="5" type="stmt"/>
      <line num="36" count="0" type="stmt"/>
      <line num="39" count="5" type="stmt"/>
      <line num="42" count="2" type="stmt"/>
      <line num="49" count="2" type="stmt"/>
      <line num="58" count="0" type="stmt"/>
    </file>
  </project>
</coverage>
