{"/sandbox/src/Roller.ts": {"path":"/sandbox/src/Roller.ts","statementMap":{"0":{"start":{"line":10,"column":8},"end":{"line":14,"column":null}},"1":{"start":{"line":11,"column":12},"end":{"line":11,"column":32}},"2":{"start":{"line":13,"column":12},"end":{"line":13,"column":28}},"3":{"start":{"line":15,"column":8},"end":{"line":15,"column":55}},"4":{"start":{"line":16,"column":8},"end":{"line":16,"column":23}},"5":{"start":{"line":30,"column":8},"end":{"line":43,"column":null}},"6":{"start":{"line":31,"column":12},"end":{"line":31,"column":31}},"7":{"start":{"line":33,"column":12},"end":{"line":37,"column":null}},"8":{"start":{"line":34,"column":16},"end":{"line":34,"column":null}},"9":{"start":{"line":36,"column":16},"end":{"line":36,"column":null}},"10":{"start":{"line":39,"column":12},"end":{"line":39,"column":30}},"11":{"start":{"line":42,"column":12},"end":{"line":42,"column":21}},"12":{"start":{"line":49,"column":8},"end":{"line":49,"column":26}},"13":{"start":{"line":58,"column":8},"end":{"line":58,"column":59}},"14":{"start":{"line":1,"column":0},"end":{"line":1,"column":13}}},"fnMap":{"0":{"name":"(anonymous_0)","decl":{"start":{"line":9,"column":4},"end":{"line":9,"column":16}},"loc":{"start":{"line":9,"column":29},"end":{"line":17,"column":5}}},"1":{"name":"(anonymous_1)","decl":{"start":{"line":29,"column":4},"end":{"line":29,"column":8}},"loc":{"start":{"line":29,"column":22},"end":{"line":44,"column":5}}},"2":{"name":"(anonymous_2)","decl":{"start":{"line":48,"column":4},"end":{"line":48,"column":8}},"loc":{"start":{"line":48,"column":8},"end":{"line":50,"column":5}}},"3":{"name":"(anonymous_3)","decl":{"start":{"line":57,"column":4},"end":{"line":57,"column":16}},"loc":{"start":{"line":57,"column":16},"end":{"line":61,"column":5}}}},"branchMap":{"0":{"loc":{"start":{"line":10,"column":8},"end":{"line":14,"column":null}},"type":"if","locations":[{"start":{"line":10,"column":8},"end":{"line":14,"column":null}},{"start":{"line":12,"column":15},"end":{"line":14,"column":null}}]},"1":{"loc":{"start":{"line":30,"column":8},"end":{"line":43,"column":null}},"type":"if","locations":[{"start":{"line":30,"column":8},"end":{"line":43,"column":null}},{"start":{"line":40,"column":15},"end":{"line":43,"column":null}}]},"2":{"loc":{"start":{"line":30,"column":12},"end":{"line":30,"column":46}},"type":"binary-expr","locations":[{"start":{"line":30,"column":12},"end":{"line":30,"column":22}},{"start":{"line":30,"column":26},"end":{"line":30,"column":46}}]},"3":{"loc":{"start":{"line":33,"column":12},"end":{"line":37,"column":null}},"type":"if","locations":[{"start":{"line":33,"column":12},"end":{"line":37,"column":null}},{"start":{"line":35,"column":19},"end":{"line":37,"column":null}}]}},"s":{"0":8,"1":7,"2":1,"3":8,"4":8,"5":7,"6":5,"7":5,"8":5,"9":0,"10":5,"11":2,"12":2,"13":0,"14":1},"f":{"0":8,"1":7,"2":2,"3":0},"b":{"0":[7,1],"1":[5,2],"2":[7,6],"3":[5,0]}}
}
